Rasa process starting
From C:\Users\ASUS\Miniconda3\envs\rasa\lib\site-packages\tensorflow\python\training\saver.py:1266: checkpoint_exists (from tensorflow.python.training.checkpoint_management) is deprecated and will be removed in a future version.
Instructions for updating:
Use standard file APIs to check for files with this prefix.
Restoring parameters from models/current/nlu\component_5_EmbeddingIntentClassifier.ckpt
Scheduler started
NumExpr defaulting to 8 threads.
From C:\Users\ASUS\Miniconda3\envs\rasa\lib\site-packages\tensorflow\python\ops\resource_variable_ops.py:435: colocate_with (from tensorflow.python.framework.ops) is deprecated and will be removed in a future version.
Instructions for updating:
Colocations handled automatically by placer.
From C:\Users\ASUS\Miniconda3\envs\rasa\lib\site-packages\tensorflow\python\keras\backend.py:4010: calling dropout (from tensorflow.python.ops.nn_ops) with keep_prob is deprecated and will be removed in a future version.
Instructions for updating:
Please use `rate` instead of `keep_prob`. Rate should be set to `rate = 1 - keep_prob`.
From C:\Users\ASUS\Miniconda3\envs\rasa\lib\site-packages\tensorflow\python\ops\math_ops.py:3066: to_int32 (from tensorflow.python.ops.math_ops) is deprecated and will be removed in a future version.
Instructions for updating:
Use tf.cast instead.
Rasa Core server is up and running on http://localhost:5005
Encountered an exception while running action 'action_medicine'. Bot will continue, but the actions events are lost. Make sure to fix the exception in your custom code.
Encountered an exception while running action 'action_medicine'. Bot will continue, but the actions events are lost. Make sure to fix the exception in your custom code.
Encountered an exception while running action 'action_medicine'. Bot will continue, but the actions events are lost. Make sure to fix the exception in your custom code.
Encountered an exception while running action 'action_medicine'. Bot will continue, but the actions events are lost. Make sure to fix the exception in your custom code.
Encountered an exception while running action 'action_medicine'. Bot will continue, but the actions events are lost. Make sure to fix the exception in your custom code.
Encountered an exception while running action 'action_medicine'. Bot will continue, but the actions events are lost. Make sure to fix the exception in your custom code.
Rasa process starting
From C:\Users\ASUS\Miniconda3\envs\rasa\lib\site-packages\tensorflow\python\training\saver.py:1266: checkpoint_exists (from tensorflow.python.training.checkpoint_management) is deprecated and will be removed in a future version.
Instructions for updating:
Use standard file APIs to check for files with this prefix.
Restoring parameters from models/current/nlu\component_5_EmbeddingIntentClassifier.ckpt
Scheduler started
NumExpr defaulting to 8 threads.
From C:\Users\ASUS\Miniconda3\envs\rasa\lib\site-packages\tensorflow\python\ops\resource_variable_ops.py:435: colocate_with (from tensorflow.python.framework.ops) is deprecated and will be removed in a future version.
Instructions for updating:
Colocations handled automatically by placer.
From C:\Users\ASUS\Miniconda3\envs\rasa\lib\site-packages\tensorflow\python\keras\backend.py:4010: calling dropout (from tensorflow.python.ops.nn_ops) with keep_prob is deprecated and will be removed in a future version.
Instructions for updating:
Please use `rate` instead of `keep_prob`. Rate should be set to `rate = 1 - keep_prob`.
From C:\Users\ASUS\Miniconda3\envs\rasa\lib\site-packages\tensorflow\python\ops\math_ops.py:3066: to_int32 (from tensorflow.python.ops.math_ops) is deprecated and will be removed in a future version.
Instructions for updating:
Use tf.cast instead.
Rasa process starting
From C:\Users\ASUS\Miniconda3\envs\rasa\lib\site-packages\tensorflow\python\training\saver.py:1266: checkpoint_exists (from tensorflow.python.training.checkpoint_management) is deprecated and will be removed in a future version.
Instructions for updating:
Use standard file APIs to check for files with this prefix.
Restoring parameters from models/current/nlu\component_5_EmbeddingIntentClassifier.ckpt
Scheduler started
NumExpr defaulting to 8 threads.
From C:\Users\ASUS\Miniconda3\envs\rasa\lib\site-packages\tensorflow\python\ops\resource_variable_ops.py:435: colocate_with (from tensorflow.python.framework.ops) is deprecated and will be removed in a future version.
Instructions for updating:
Colocations handled automatically by placer.
From C:\Users\ASUS\Miniconda3\envs\rasa\lib\site-packages\tensorflow\python\keras\backend.py:4010: calling dropout (from tensorflow.python.ops.nn_ops) with keep_prob is deprecated and will be removed in a future version.
Instructions for updating:
Please use `rate` instead of `keep_prob`. Rate should be set to `rate = 1 - keep_prob`.
From C:\Users\ASUS\Miniconda3\envs\rasa\lib\site-packages\tensorflow\python\ops\math_ops.py:3066: to_int32 (from tensorflow.python.ops.math_ops) is deprecated and will be removed in a future version.
Instructions for updating:
Use tf.cast instead.
Rasa Core server is up and running on http://localhost:5005
Encountered an exception while running action 'action_medicine'. Bot will continue, but the actions events are lost. Make sure to fix the exception in your custom code.
Encountered an exception while running action 'action_medicine'. Bot will continue, but the actions events are lost. Make sure to fix the exception in your custom code.
Rasa process starting
From C:\Users\ASUS\Miniconda3\envs\rasa\lib\site-packages\tensorflow\python\training\saver.py:1266: checkpoint_exists (from tensorflow.python.training.checkpoint_management) is deprecated and will be removed in a future version.
Instructions for updating:
Use standard file APIs to check for files with this prefix.
Restoring parameters from models/current/nlu\component_5_EmbeddingIntentClassifier.ckpt
Scheduler started
Looking for jobs to run
No jobs; waiting until a job is added
NumExpr defaulting to 8 threads.
From C:\Users\ASUS\Miniconda3\envs\rasa\lib\site-packages\tensorflow\python\ops\resource_variable_ops.py:435: colocate_with (from tensorflow.python.framework.ops) is deprecated and will be removed in a future version.
Instructions for updating:
Colocations handled automatically by placer.
From C:\Users\ASUS\Miniconda3\envs\rasa\lib\site-packages\tensorflow\python\keras\backend.py:4010: calling dropout (from tensorflow.python.ops.nn_ops) with keep_prob is deprecated and will be removed in a future version.
Instructions for updating:
Please use `rate` instead of `keep_prob`. Rate should be set to `rate = 1 - keep_prob`.
From C:\Users\ASUS\Miniconda3\envs\rasa\lib\site-packages\tensorflow\python\ops\math_ops.py:3066: to_int32 (from tensorflow.python.ops.math_ops) is deprecated and will be removed in a future version.
Instructions for updating:
Use tf.cast instead.
Available web server routes: 
static                                             OPTIONS, GET, HEAD             /static/[filename]
custom_webhook_CmdlineInput.health                 OPTIONS, GET, HEAD             /webhooks/rest/
custom_webhook_CmdlineInput.receive                OPTIONS, POST                  /webhooks/rest/webhook
Rasa Core server is up and running on http://localhost:5005
Using selector: SelectSelector
Creating a new tracker for id 'default'.
Received user message 'hello' with intent '{'name': 'greet', 'confidence': 0.9658963084220886}' and entities '[]'
Logged UserUtterance - tracker now has 2 events
Current slot values: 
	name: None
	remedy: None
	symptom: None
Current tracker state [None, None, None, {}, {'prev_action_listen': 1.0, 'intent_greet': 1.0}]
There is a memorised next action '12'
Predicted next action using policy_0_MemoizationPolicy
Predicted next action 'utter_greet' with prob 1.00.
Action 'utter_greet' ended with events '[]'
Bot utterance 'BotUttered(text: Hello, tell me your problems! I will cure them!, data: {
  "elements": null,
  "buttons": null,
  "attachment": null
})'
Current tracker state [None, None, {}, {'prev_action_listen': 1.0, 'intent_greet': 1.0}, {'intent_greet': 1.0, 'prev_utter_greet': 1.0}]
There is a memorised next action '0'
Predicted next action using policy_0_MemoizationPolicy
Predicted next action 'action_listen' with prob 1.00.
Action 'action_listen' ended with events '[]'
Rasa process starting
From C:\Users\ASUS\Miniconda3\envs\rasa\lib\site-packages\tensorflow\python\training\saver.py:1266: checkpoint_exists (from tensorflow.python.training.checkpoint_management) is deprecated and will be removed in a future version.
Instructions for updating:
Use standard file APIs to check for files with this prefix.
Restoring parameters from models/current/nlu\component_5_EmbeddingIntentClassifier.ckpt
Scheduler started
NumExpr defaulting to 8 threads.
From C:\Users\ASUS\Miniconda3\envs\rasa\lib\site-packages\tensorflow\python\ops\resource_variable_ops.py:435: colocate_with (from tensorflow.python.framework.ops) is deprecated and will be removed in a future version.
Instructions for updating:
Colocations handled automatically by placer.
From C:\Users\ASUS\Miniconda3\envs\rasa\lib\site-packages\tensorflow\python\keras\backend.py:4010: calling dropout (from tensorflow.python.ops.nn_ops) with keep_prob is deprecated and will be removed in a future version.
Instructions for updating:
Please use `rate` instead of `keep_prob`. Rate should be set to `rate = 1 - keep_prob`.
From C:\Users\ASUS\Miniconda3\envs\rasa\lib\site-packages\tensorflow\python\ops\math_ops.py:3066: to_int32 (from tensorflow.python.ops.math_ops) is deprecated and will be removed in a future version.
Instructions for updating:
Use tf.cast instead.
Rasa process starting
From C:\Users\ASUS\Miniconda3\envs\rasa\lib\site-packages\tensorflow\python\training\saver.py:1266: checkpoint_exists (from tensorflow.python.training.checkpoint_management) is deprecated and will be removed in a future version.
Instructions for updating:
Use standard file APIs to check for files with this prefix.
Restoring parameters from models/current/nlu\component_5_EmbeddingIntentClassifier.ckpt
Scheduler started
NumExpr defaulting to 8 threads.
From C:\Users\ASUS\Miniconda3\envs\rasa\lib\site-packages\tensorflow\python\ops\resource_variable_ops.py:435: colocate_with (from tensorflow.python.framework.ops) is deprecated and will be removed in a future version.
Instructions for updating:
Colocations handled automatically by placer.
From C:\Users\ASUS\Miniconda3\envs\rasa\lib\site-packages\tensorflow\python\keras\backend.py:4010: calling dropout (from tensorflow.python.ops.nn_ops) with keep_prob is deprecated and will be removed in a future version.
Instructions for updating:
Please use `rate` instead of `keep_prob`. Rate should be set to `rate = 1 - keep_prob`.
From C:\Users\ASUS\Miniconda3\envs\rasa\lib\site-packages\tensorflow\python\ops\math_ops.py:3066: to_int32 (from tensorflow.python.ops.math_ops) is deprecated and will be removed in a future version.
Instructions for updating:
Use tf.cast instead.
Rasa Core server is up and running on http://localhost:5002
Encountered an exception while running action 'action_medicine'. Bot will continue, but the actions events are lost. Make sure to fix the exception in your custom code.
Encountered an exception while running action 'action_medicine'. Bot will continue, but the actions events are lost. Make sure to fix the exception in your custom code.
Encountered an exception while running action 'action_medicine'. Bot will continue, but the actions events are lost. Make sure to fix the exception in your custom code.
