INFO:rasa_nlu.training_data.loading:Training data format of ./data/nlu.md is md
INFO:rasa_nlu.training_data.training_data:Training data stats: 
	- intent examples: 103 (7 distinct intents)
	- Found intents: 'bye', 'out_of_scope', 'get_happy_images', 'greet', 'medicine', 'thank', 'ask_name'
	- entity examples: 18 (2 distinct entities)
	- found entities: 'symptom', 'name'

DEBUG:rasa_nlu.training_data.training_data:Validating training data...
INFO:rasa_nlu.model:Starting to train component WhitespaceTokenizer
INFO:rasa_nlu.model:Finished training component.
INFO:rasa_nlu.model:Starting to train component RegexFeaturizer
INFO:rasa_nlu.model:Finished training component.
INFO:rasa_nlu.model:Starting to train component CRFEntityExtractor
INFO:rasa_nlu.model:Finished training component.
INFO:rasa_nlu.model:Starting to train component EntitySynonymMapper
INFO:rasa_nlu.model:Finished training component.
INFO:rasa_nlu.model:Starting to train component CountVectorsFeaturizer
INFO:rasa_nlu.model:Finished training component.
INFO:rasa_nlu.model:Starting to train component EmbeddingIntentClassifier
DEBUG:rasa_nlu.classifiers.embedding_intent_classifier:Check if num_neg 20 is smaller than number of intents 7, else set num_neg to the number of intents - 1
INFO:rasa_nlu.training_data.loading:Training data format of ./data/nlu.md is md
INFO:rasa_nlu.training_data.training_data:Training data stats: 
	- intent examples: 103 (7 distinct intents)
	- Found intents: 'greet', 'thank', 'medicine', 'ask_name', 'out_of_scope', 'get_happy_images', 'bye'
	- entity examples: 18 (2 distinct entities)
	- found entities: 'symptom', 'name'

DEBUG:rasa_nlu.training_data.training_data:Validating training data...
INFO:rasa_nlu.model:Starting to train component WhitespaceTokenizer
INFO:rasa_nlu.model:Finished training component.
INFO:rasa_nlu.model:Starting to train component RegexFeaturizer
INFO:rasa_nlu.model:Finished training component.
INFO:rasa_nlu.model:Starting to train component CRFEntityExtractor
INFO:rasa_nlu.model:Finished training component.
INFO:rasa_nlu.model:Starting to train component EntitySynonymMapper
INFO:rasa_nlu.model:Finished training component.
INFO:rasa_nlu.model:Starting to train component CountVectorsFeaturizer
INFO:rasa_nlu.model:Finished training component.
INFO:rasa_nlu.model:Starting to train component EmbeddingIntentClassifier
DEBUG:rasa_nlu.classifiers.embedding_intent_classifier:Check if num_neg 20 is smaller than number of intents 7, else set num_neg to the number of intents - 1
INFO:numexpr.utils:NumExpr defaulting to 8 threads.
WARNING:tensorflow:From C:\Users\ASUS\Miniconda3\envs\rasa\lib\site-packages\rasa_nlu\classifiers\embedding_intent_classifier.py:285: dense (from tensorflow.python.layers.core) is deprecated and will be removed in a future version.
Instructions for updating:
Use keras.layers.dense instead.
WARNING:tensorflow:From C:\Users\ASUS\Miniconda3\envs\rasa\lib\site-packages\tensorflow\python\framework\op_def_library.py:263: colocate_with (from tensorflow.python.framework.ops) is deprecated and will be removed in a future version.
Instructions for updating:
Colocations handled automatically by placer.
WARNING:tensorflow:From C:\Users\ASUS\Miniconda3\envs\rasa\lib\site-packages\rasa_nlu\classifiers\embedding_intent_classifier.py:286: dropout (from tensorflow.python.layers.core) is deprecated and will be removed in a future version.
Instructions for updating:
Use keras.layers.dropout instead.
WARNING:tensorflow:From C:\Users\ASUS\Miniconda3\envs\rasa\lib\site-packages\tensorflow\python\keras\layers\core.py:143: calling dropout (from tensorflow.python.ops.nn_ops) with keep_prob is deprecated and will be removed in a future version.
Instructions for updating:
Please use `rate` instead of `keep_prob`. Rate should be set to `rate = 1 - keep_prob`.
WARNING:tensorflow:From C:\Users\ASUS\Miniconda3\envs\rasa\lib\site-packages\tensorflow\python\ops\math_ops.py:3066: to_int32 (from tensorflow.python.ops.math_ops) is deprecated and will be removed in a future version.
Instructions for updating:
Use tf.cast instead.
WARNING:tensorflow:From C:\Users\ASUS\Miniconda3\envs\rasa\lib\site-packages\tensorflow\python\ops\math_grad.py:102: div (from tensorflow.python.ops.math_ops) is deprecated and will be removed in a future version.
Instructions for updating:
Deprecated in favor of operator or tf.math.divide.
INFO:rasa_nlu.classifiers.embedding_intent_classifier:Accuracy is updated every 10 epochs
INFO:rasa_nlu.classifiers.embedding_intent_classifier:Finished training embedding classifier, loss=0.083, train accuracy=1.000
INFO:rasa_nlu.model:Finished training component.
INFO:rasa_nlu.model:Successfully saved model into 'C:\Users\ASUS\Desktop\chatbot\models\current\nlu'
WARNING:tensorflow:From C:\Users\ASUS\Miniconda3\envs\rasa\lib\site-packages\tensorflow\python\training\saver.py:1266: checkpoint_exists (from tensorflow.python.training.checkpoint_management) is deprecated and will be removed in a future version.
Instructions for updating:
Use standard file APIs to check for files with this prefix.
INFO:tensorflow:Restoring parameters from C:\Users\ASUS\Desktop\chatbot\./models\current\nlu\component_5_EmbeddingIntentClassifier.ckpt
INFO:rasa_nlu.training_data.loading:Training data format of ./data/nlu.md is md
INFO:rasa_nlu.training_data.training_data:Training data stats: 
	- intent examples: 103 (7 distinct intents)
	- Found intents: 'greet', 'thank', 'medicine', 'ask_name', 'out_of_scope', 'get_happy_images', 'bye'
	- entity examples: 18 (2 distinct entities)
	- found entities: 'symptom', 'name'

INFO:rasa_nlu.test:Running model for predictions:
INFO:rasa_nlu.test:Intent evaluation results:
INFO:rasa_nlu.test:Intent Evaluation: Only considering those 103 examples that have a defined intent out of 103 examples
INFO:rasa_nlu.test:F1-Score:  1.0
INFO:rasa_nlu.test:Precision: 1.0
INFO:rasa_nlu.test:Accuracy:  1.0
INFO:rasa_nlu.test:Classification report: 
                  precision    recall  f1-score   support

        ask_name       1.00      1.00      1.00         6
             bye       1.00      1.00      1.00        17
get_happy_images       1.00      1.00      1.00        14
           greet       1.00      1.00      1.00        25
        medicine       1.00      1.00      1.00         9
    out_of_scope       1.00      1.00      1.00        12
           thank       1.00      1.00      1.00        20

       micro avg       1.00      1.00      1.00       103
       macro avg       1.00      1.00      1.00       103
    weighted avg       1.00      1.00      1.00       103

INFO:rasa_nlu.test:Your model made no errors
INFO:rasa_nlu.test:Entity evaluation results:
INFO:rasa_nlu.test:Evaluation for entity extractor: CRFEntityExtractor 
INFO:rasa_nlu.test:F1-Score:  1.0
INFO:rasa_nlu.test:Precision: 1.0
INFO:rasa_nlu.test:Accuracy:  1.0
INFO:rasa_nlu.test:Classification report: 
              precision    recall  f1-score   support

        name       1.00      1.00      1.00        10
   no_entity       1.00      1.00      1.00       320
     symptom       1.00      1.00      1.00         9

   micro avg       1.00      1.00      1.00       339
   macro avg       1.00      1.00      1.00       339
weighted avg       1.00      1.00      1.00       339

INFO:tensorflow:Restoring parameters from ./models/current/nlu\component_5_EmbeddingIntentClassifier.ckpt
